<?xml version="1.0" encoding="UTF-8"?>
<testng-results skipped="0" failed="4" ignored="2" total="12" passed="6">
  <reporter-output>
  </reporter-output>
  <suite name="Default suite" duration-ms="1794" started-at="2018-04-10T04:05:56Z" finished-at="2018-04-10T04:05:58Z">
    <groups>
    </groups>
    <test name="Default test" duration-ms="1794" started-at="2018-04-10T04:05:56Z" finished-at="2018-04-10T04:05:58Z">
      <class name="datadriven.Paramprovide">
        <test-method status="FAIL" signature="Login()[pri:0, instance:datadriven.Paramprovide@5a2d131d]" name="Login" duration-ms="485" started-at="2018-04-10T00:05:57Z" finished-at="2018-04-10T00:05:57Z">
          <exception class="java.lang.NoSuchMethodError">
            <message>
              <![CDATA[com.google.common.base.Preconditions.checkState(ZLjava/lang/String;Ljava/lang/Object;)V]]>
            </message>
            <full-stacktrace>
              <![CDATA[java.lang.NoSuchMethodError: com.google.common.base.Preconditions.checkState(ZLjava/lang/String;Ljava/lang/Object;)V
	at org.openqa.selenium.remote.service.DriverService.checkExecutable(DriverService.java:136)
	at org.openqa.selenium.firefox.GeckoDriverService.access$000(GeckoDriverService.java:41)
	at org.openqa.selenium.firefox.GeckoDriverService$Builder.usingFirefoxBinary(GeckoDriverService.java:134)
	at org.openqa.selenium.firefox.FirefoxDriver.toExecutor(FirefoxDriver.java:155)
	at org.openqa.selenium.firefox.FirefoxDriver.<init>(FirefoxDriver.java:120)
	at org.openqa.selenium.firefox.FirefoxDriver.<init>(FirefoxDriver.java:98)
	at datadriven.Paramprovide.Login(Paramprovide.java:32)
	at sun.reflect.NativeMethodAccessorImpl.invoke0(Native Method)
	at sun.reflect.NativeMethodAccessorImpl.invoke(NativeMethodAccessorImpl.java:62)
	at sun.reflect.DelegatingMethodAccessorImpl.invoke(DelegatingMethodAccessorImpl.java:43)
	at java.lang.reflect.Method.invoke(Method.java:498)
	at org.testng.internal.MethodInvocationHelper.invokeMethod(MethodInvocationHelper.java:108)
	at org.testng.internal.Invoker.invokeMethod(Invoker.java:661)
	at org.testng.internal.Invoker.invokeTestMethod(Invoker.java:869)
	at org.testng.internal.Invoker.invokeTestMethods(Invoker.java:1193)
	at org.testng.internal.TestMethodWorker.invokeTestMethods(TestMethodWorker.java:126)
	at org.testng.internal.TestMethodWorker.run(TestMethodWorker.java:109)
	at org.testng.TestRunner.privateRun(TestRunner.java:744)
	at org.testng.TestRunner.run(TestRunner.java:602)
	at org.testng.SuiteRunner.runTest(SuiteRunner.java:380)
	at org.testng.SuiteRunner.runSequentially(SuiteRunner.java:375)
	at org.testng.SuiteRunner.privateRun(SuiteRunner.java:340)
	at org.testng.SuiteRunner.run(SuiteRunner.java:289)
	at org.testng.SuiteRunnerWorker.runSuite(SuiteRunnerWorker.java:52)
	at org.testng.SuiteRunnerWorker.run(SuiteRunnerWorker.java:86)
	at org.testng.TestNG.runSuitesSequentially(TestNG.java:1301)
	at org.testng.TestNG.runSuitesLocally(TestNG.java:1226)
	at org.testng.TestNG.runSuites(TestNG.java:1144)
	at org.testng.TestNG.run(TestNG.java:1115)
	at org.testng.remote.AbstractRemoteTestNG.run(AbstractRemoteTestNG.java:114)
	at org.testng.remote.RemoteTestNG.initAndRun(RemoteTestNG.java:251)
	at org.testng.remote.RemoteTestNG.main(RemoteTestNG.java:77)
]]>
            </full-stacktrace>
          </exception> <!-- java.lang.NoSuchMethodError -->
          <reporter-output>
          </reporter-output>
        </test-method> <!-- Login -->
        <test-method status="FAIL" signature="UserID(java.lang.String)[pri:0, instance:datadriven.Paramprovide@5a2d131d]" name="UserID" duration-ms="0" started-at="2018-04-10T00:05:57Z" finished-at="2018-04-10T00:05:57Z">
          <exception class="org.testng.TestNGException">
            <message>
              <![CDATA[
Parameter 'adminuserid' is required by @Test on method UserID but has not been marked @Optional or defined
in C:\Users\varunuppal\AppData\Local\Temp\testng-eclipse--1188715394\testng-customsuite.xml]]>
            </message>
            <full-stacktrace>
              <![CDATA[org.testng.TestNGException: 
Parameter 'adminuserid' is required by @Test on method UserID but has not been marked @Optional or defined
in C:\Users\varunuppal\AppData\Local\Temp\testng-eclipse--1188715394\testng-customsuite.xml
	at org.testng.internal.Parameters.createParameters(Parameters.java:199)
	at org.testng.internal.Parameters.createParameters(Parameters.java:443)
	at org.testng.internal.Parameters.handleParameters(Parameters.java:569)
	at org.testng.internal.Invoker.handleParameters(Invoker.java:1308)
	at org.testng.internal.Invoker.createParameters(Invoker.java:1036)
	at org.testng.internal.Invoker.invokeTestMethods(Invoker.java:1126)
	at org.testng.internal.TestMethodWorker.invokeTestMethods(TestMethodWorker.java:126)
	at org.testng.internal.TestMethodWorker.run(TestMethodWorker.java:109)
	at org.testng.TestRunner.privateRun(TestRunner.java:744)
	at org.testng.TestRunner.run(TestRunner.java:602)
	at org.testng.SuiteRunner.runTest(SuiteRunner.java:380)
	at org.testng.SuiteRunner.runSequentially(SuiteRunner.java:375)
	at org.testng.SuiteRunner.privateRun(SuiteRunner.java:340)
	at org.testng.SuiteRunner.run(SuiteRunner.java:289)
	at org.testng.SuiteRunnerWorker.runSuite(SuiteRunnerWorker.java:52)
	at org.testng.SuiteRunnerWorker.run(SuiteRunnerWorker.java:86)
	at org.testng.TestNG.runSuitesSequentially(TestNG.java:1301)
	at org.testng.TestNG.runSuitesLocally(TestNG.java:1226)
	at org.testng.TestNG.runSuites(TestNG.java:1144)
	at org.testng.TestNG.run(TestNG.java:1115)
	at org.testng.remote.AbstractRemoteTestNG.run(AbstractRemoteTestNG.java:114)
	at org.testng.remote.RemoteTestNG.initAndRun(RemoteTestNG.java:251)
	at org.testng.remote.RemoteTestNG.main(RemoteTestNG.java:77)
]]>
            </full-stacktrace>
          </exception> <!-- org.testng.TestNGException -->
          <reporter-output>
          </reporter-output>
        </test-method> <!-- UserID -->
      </class> <!-- datadriven.Paramprovide -->
      <class name="credit.SampleXmlIT">
        <test-method status="PASS" signature="beforeSuite(org.testng.ITestContext)[pri:0, instance:credit.SampleXmlIT@21337f7b]" name="beforeSuite" is-config="true" duration-ms="7839" started-at="2018-04-10T00:05:49Z" finished-at="2018-04-10T00:05:56Z">
          <params>
            <param index="0">
              <value>
                <![CDATA[org.testng.TestRunner@12eedfee]]>
              </value>
            </param>
          </params>
          <reporter-output>
          </reporter-output>
        </test-method> <!-- beforeSuite -->
        <test-method status="PASS" signature="springTestContextBeforeTestClass()[pri:0, instance:credit.SampleXmlIT@21337f7b]" name="springTestContextBeforeTestClass" is-config="true" duration-ms="5" started-at="2018-04-10T00:05:57Z" finished-at="2018-04-10T00:05:57Z">
          <reporter-output>
          </reporter-output>
        </test-method> <!-- springTestContextBeforeTestClass -->
        <test-method status="PASS" signature="springTestContextPrepareTestInstance()[pri:0, instance:credit.SampleXmlIT@21337f7b]" name="springTestContextPrepareTestInstance" is-config="true" duration-ms="2" started-at="2018-04-10T00:05:57Z" depends-on-methods="org.springframework.test.context.testng.AbstractTestNGSpringContextTests.springTestContextBeforeTestClass" finished-at="2018-04-10T00:05:57Z">
          <reporter-output>
          </reporter-output>
        </test-method> <!-- springTestContextPrepareTestInstance -->
        <test-method status="PASS" signature="springTestContextBeforeTestMethod(java.lang.reflect.Method)[pri:0, instance:credit.SampleXmlIT@21337f7b]" name="springTestContextBeforeTestMethod" is-config="true" duration-ms="4" started-at="2018-04-10T00:05:57Z" finished-at="2018-04-10T00:05:57Z">
          <params>
            <param index="0">
              <value>
                <![CDATA[public void credit.SampleXmlIT.sampleXml()]]>
              </value>
            </param>
          </params>
          <reporter-output>
          </reporter-output>
        </test-method> <!-- springTestContextBeforeTestMethod -->
        <test-method status="PASS" signature="sampleXml()[pri:0, instance:credit.SampleXmlIT@21337f7b]" name="sampleXml" duration-ms="653" started-at="2018-04-10T00:05:57Z" finished-at="2018-04-10T00:05:58Z">
          <reporter-output>
          </reporter-output>
        </test-method> <!-- sampleXml -->
        <test-method status="PASS" signature="springTestContextAfterTestMethod(java.lang.reflect.Method)[pri:0, instance:credit.SampleXmlIT@21337f7b]" name="springTestContextAfterTestMethod" is-config="true" duration-ms="1" started-at="2018-04-10T00:05:58Z" finished-at="2018-04-10T00:05:58Z">
          <params>
            <param index="0">
              <value>
                <![CDATA[public void credit.SampleXmlIT.sampleXml()]]>
              </value>
            </param>
          </params>
          <reporter-output>
          </reporter-output>
        </test-method> <!-- springTestContextAfterTestMethod -->
        <test-method status="PASS" signature="springTestContextAfterTestClass()[pri:0, instance:credit.SampleXmlIT@21337f7b]" name="springTestContextAfterTestClass" is-config="true" duration-ms="0" started-at="2018-04-10T00:05:58Z" finished-at="2018-04-10T00:05:58Z">
          <reporter-output>
          </reporter-output>
        </test-method> <!-- springTestContextAfterTestClass -->
        <test-method status="PASS" signature="afterSuite(org.testng.ITestContext)[pri:0, instance:credit.SampleXmlIT@21337f7b]" name="afterSuite" is-config="true" duration-ms="310" started-at="2018-04-10T00:05:59Z" finished-at="2018-04-10T00:05:59Z">
          <params>
            <param index="0">
              <value>
                <![CDATA[org.testng.TestRunner@12eedfee]]>
              </value>
            </param>
          </params>
          <reporter-output>
          </reporter-output>
        </test-method> <!-- afterSuite -->
      </class> <!-- credit.SampleXmlIT -->
      <class name="credit.SampleJavaIT">
        <test-method status="PASS" signature="springTestContextBeforeTestClass()[pri:0, instance:credit.SampleJavaIT@14fc1f0]" name="springTestContextBeforeTestClass" is-config="true" duration-ms="0" started-at="2018-04-10T00:05:58Z" finished-at="2018-04-10T00:05:58Z">
          <reporter-output>
          </reporter-output>
        </test-method> <!-- springTestContextBeforeTestClass -->
        <test-method status="PASS" signature="springTestContextPrepareTestInstance()[pri:0, instance:credit.SampleJavaIT@14fc1f0]" name="springTestContextPrepareTestInstance" is-config="true" duration-ms="32" started-at="2018-04-10T00:05:58Z" depends-on-methods="org.springframework.test.context.testng.AbstractTestNGSpringContextTests.springTestContextBeforeTestClass" finished-at="2018-04-10T00:05:58Z">
          <reporter-output>
          </reporter-output>
        </test-method> <!-- springTestContextPrepareTestInstance -->
        <test-method status="PASS" signature="springTestContextBeforeTestMethod(java.lang.reflect.Method)[pri:0, instance:credit.SampleJavaIT@14fc1f0]" name="springTestContextBeforeTestMethod" is-config="true" duration-ms="1" started-at="2018-04-10T00:05:58Z" finished-at="2018-04-10T00:05:58Z">
          <params>
            <param index="0">
              <value>
                <![CDATA[public void credit.SampleJavaIT.echoToday()]]>
              </value>
            </param>
          </params>
          <reporter-output>
          </reporter-output>
        </test-method> <!-- springTestContextBeforeTestMethod -->
        <test-method status="PASS" signature="echoToday()[pri:0, instance:credit.SampleJavaIT@14fc1f0]" name="echoToday" duration-ms="139" started-at="2018-04-10T00:05:58Z" finished-at="2018-04-10T00:05:58Z">
          <reporter-output>
          </reporter-output>
        </test-method> <!-- echoToday -->
        <test-method status="PASS" signature="springTestContextAfterTestMethod(java.lang.reflect.Method)[pri:0, instance:credit.SampleJavaIT@14fc1f0]" name="springTestContextAfterTestMethod" is-config="true" duration-ms="2" started-at="2018-04-10T00:05:58Z" finished-at="2018-04-10T00:05:58Z">
          <params>
            <param index="0">
              <value>
                <![CDATA[public void credit.SampleJavaIT.echoToday()]]>
              </value>
            </param>
          </params>
          <reporter-output>
          </reporter-output>
        </test-method> <!-- springTestContextAfterTestMethod -->
        <test-method status="PASS" signature="springTestContextBeforeTestMethod(java.lang.reflect.Method)[pri:0, instance:credit.SampleJavaIT@14fc1f0]" name="springTestContextBeforeTestMethod" is-config="true" duration-ms="1" started-at="2018-04-10T00:05:58Z" finished-at="2018-04-10T00:05:58Z">
          <params>
            <param index="0">
              <value>
                <![CDATA[public void credit.SampleJavaIT.sayHello()]]>
              </value>
            </param>
          </params>
          <reporter-output>
          </reporter-output>
        </test-method> <!-- springTestContextBeforeTestMethod -->
        <test-method status="PASS" signature="sayHello()[pri:0, instance:credit.SampleJavaIT@14fc1f0]" name="sayHello" duration-ms="109" started-at="2018-04-10T00:05:58Z" finished-at="2018-04-10T00:05:58Z">
          <reporter-output>
          </reporter-output>
        </test-method> <!-- sayHello -->
        <test-method status="PASS" signature="springTestContextAfterTestMethod(java.lang.reflect.Method)[pri:0, instance:credit.SampleJavaIT@14fc1f0]" name="springTestContextAfterTestMethod" is-config="true" duration-ms="11" started-at="2018-04-10T00:05:58Z" finished-at="2018-04-10T00:05:58Z">
          <params>
            <param index="0">
              <value>
                <![CDATA[public void credit.SampleJavaIT.sayHello()]]>
              </value>
            </param>
          </params>
          <reporter-output>
          </reporter-output>
        </test-method> <!-- springTestContextAfterTestMethod -->
        <test-method status="PASS" signature="springTestContextAfterTestClass()[pri:0, instance:credit.SampleJavaIT@14fc1f0]" name="springTestContextAfterTestClass" is-config="true" duration-ms="0" started-at="2018-04-10T00:05:58Z" finished-at="2018-04-10T00:05:58Z">
          <reporter-output>
          </reporter-output>
        </test-method> <!-- springTestContextAfterTestClass -->
      </class> <!-- credit.SampleJavaIT -->
      <class name="datadriven.Provider">
        <test-method status="FAIL" signature="Login()[pri:0, instance:datadriven.Provider@4ae9cfc1]" name="Login" duration-ms="33" started-at="2018-04-10T00:05:58Z" finished-at="2018-04-10T00:05:58Z">
          <exception class="java.lang.NoSuchMethodError">
            <message>
              <![CDATA[com.google.common.base.Preconditions.checkState(ZLjava/lang/String;Ljava/lang/Object;)V]]>
            </message>
            <full-stacktrace>
              <![CDATA[java.lang.NoSuchMethodError: com.google.common.base.Preconditions.checkState(ZLjava/lang/String;Ljava/lang/Object;)V
	at org.openqa.selenium.remote.service.DriverService.checkExecutable(DriverService.java:136)
	at org.openqa.selenium.firefox.GeckoDriverService.access$000(GeckoDriverService.java:41)
	at org.openqa.selenium.firefox.GeckoDriverService$Builder.usingFirefoxBinary(GeckoDriverService.java:134)
	at org.openqa.selenium.firefox.FirefoxDriver.toExecutor(FirefoxDriver.java:155)
	at org.openqa.selenium.firefox.FirefoxDriver.<init>(FirefoxDriver.java:120)
	at org.openqa.selenium.firefox.FirefoxDriver.<init>(FirefoxDriver.java:98)
	at datadriven.Paramprovide.Login(Paramprovide.java:32)
	at datadriven.Provider.Login(Provider.java:15)
	at sun.reflect.NativeMethodAccessorImpl.invoke0(Native Method)
	at sun.reflect.NativeMethodAccessorImpl.invoke(NativeMethodAccessorImpl.java:62)
	at sun.reflect.DelegatingMethodAccessorImpl.invoke(DelegatingMethodAccessorImpl.java:43)
	at java.lang.reflect.Method.invoke(Method.java:498)
	at org.testng.internal.MethodInvocationHelper.invokeMethod(MethodInvocationHelper.java:108)
	at org.testng.internal.Invoker.invokeMethod(Invoker.java:661)
	at org.testng.internal.Invoker.invokeTestMethod(Invoker.java:869)
	at org.testng.internal.Invoker.invokeTestMethods(Invoker.java:1193)
	at org.testng.internal.TestMethodWorker.invokeTestMethods(TestMethodWorker.java:126)
	at org.testng.internal.TestMethodWorker.run(TestMethodWorker.java:109)
	at org.testng.TestRunner.privateRun(TestRunner.java:744)
	at org.testng.TestRunner.run(TestRunner.java:602)
	at org.testng.SuiteRunner.runTest(SuiteRunner.java:380)
	at org.testng.SuiteRunner.runSequentially(SuiteRunner.java:375)
	at org.testng.SuiteRunner.privateRun(SuiteRunner.java:340)
	at org.testng.SuiteRunner.run(SuiteRunner.java:289)
	at org.testng.SuiteRunnerWorker.runSuite(SuiteRunnerWorker.java:52)
	at org.testng.SuiteRunnerWorker.run(SuiteRunnerWorker.java:86)
	at org.testng.TestNG.runSuitesSequentially(TestNG.java:1301)
	at org.testng.TestNG.runSuitesLocally(TestNG.java:1226)
	at org.testng.TestNG.runSuites(TestNG.java:1144)
	at org.testng.TestNG.run(TestNG.java:1115)
	at org.testng.remote.AbstractRemoteTestNG.run(AbstractRemoteTestNG.java:114)
	at org.testng.remote.RemoteTestNG.initAndRun(RemoteTestNG.java:251)
	at org.testng.remote.RemoteTestNG.main(RemoteTestNG.java:77)
]]>
            </full-stacktrace>
          </exception> <!-- java.lang.NoSuchMethodError -->
          <reporter-output>
          </reporter-output>
        </test-method> <!-- Login -->
        <test-method status="FAIL" signature="UserID(java.lang.String)[pri:0, instance:datadriven.Provider@4ae9cfc1]" name="UserID" duration-ms="0" started-at="2018-04-10T00:05:58Z" finished-at="2018-04-10T00:05:58Z">
          <exception class="org.testng.TestNGException">
            <message>
              <![CDATA[
Parameter 'adminuserid' is required by @Test on method UserID but has not been marked @Optional or defined
in C:\Users\varunuppal\AppData\Local\Temp\testng-eclipse--1188715394\testng-customsuite.xml]]>
            </message>
            <full-stacktrace>
              <![CDATA[org.testng.TestNGException: 
Parameter 'adminuserid' is required by @Test on method UserID but has not been marked @Optional or defined
in C:\Users\varunuppal\AppData\Local\Temp\testng-eclipse--1188715394\testng-customsuite.xml
	at org.testng.internal.Parameters.createParameters(Parameters.java:199)
	at org.testng.internal.Parameters.createParameters(Parameters.java:443)
	at org.testng.internal.Parameters.handleParameters(Parameters.java:569)
	at org.testng.internal.Invoker.handleParameters(Invoker.java:1308)
	at org.testng.internal.Invoker.createParameters(Invoker.java:1036)
	at org.testng.internal.Invoker.invokeTestMethods(Invoker.java:1126)
	at org.testng.internal.TestMethodWorker.invokeTestMethods(TestMethodWorker.java:126)
	at org.testng.internal.TestMethodWorker.run(TestMethodWorker.java:109)
	at org.testng.TestRunner.privateRun(TestRunner.java:744)
	at org.testng.TestRunner.run(TestRunner.java:602)
	at org.testng.SuiteRunner.runTest(SuiteRunner.java:380)
	at org.testng.SuiteRunner.runSequentially(SuiteRunner.java:375)
	at org.testng.SuiteRunner.privateRun(SuiteRunner.java:340)
	at org.testng.SuiteRunner.run(SuiteRunner.java:289)
	at org.testng.SuiteRunnerWorker.runSuite(SuiteRunnerWorker.java:52)
	at org.testng.SuiteRunnerWorker.run(SuiteRunnerWorker.java:86)
	at org.testng.TestNG.runSuitesSequentially(TestNG.java:1301)
	at org.testng.TestNG.runSuitesLocally(TestNG.java:1226)
	at org.testng.TestNG.runSuites(TestNG.java:1144)
	at org.testng.TestNG.run(TestNG.java:1115)
	at org.testng.remote.AbstractRemoteTestNG.run(AbstractRemoteTestNG.java:114)
	at org.testng.remote.RemoteTestNG.initAndRun(RemoteTestNG.java:251)
	at org.testng.remote.RemoteTestNG.main(RemoteTestNG.java:77)
]]>
            </full-stacktrace>
          </exception> <!-- org.testng.TestNGException -->
          <reporter-output>
          </reporter-output>
        </test-method> <!-- UserID -->
        <test-method status="PASS" signature="userID(java.lang.String, java.lang.String)[pri:0, instance:datadriven.Provider@4ae9cfc1]" name="userID" duration-ms="6" started-at="2018-04-10T00:05:58Z" data-provider="getData" finished-at="2018-04-10T00:05:58Z">
          <params>
            <param index="0">
              <value>
                <![CDATA[abcd]]>
              </value>
            </param>
            <param index="1">
              <value>
                <![CDATA[xyza]]>
              </value>
            </param>
          </params>
          <reporter-output>
          </reporter-output>
        </test-method> <!-- userID -->
        <test-method status="PASS" signature="userID(java.lang.String, java.lang.String)[pri:0, instance:datadriven.Provider@4ae9cfc1]" name="userID" duration-ms="24" started-at="2018-04-10T00:05:58Z" data-provider="getData" finished-at="2018-04-10T00:05:58Z">
          <params>
            <param index="0">
              <value>
                <![CDATA[varun]]>
              </value>
            </param>
            <param index="1">
              <value>
                <![CDATA[uppal]]>
              </value>
            </param>
          </params>
          <reporter-output>
          </reporter-output>
        </test-method> <!-- userID -->
        <test-method status="PASS" signature="userID(java.lang.String, java.lang.String)[pri:0, instance:datadriven.Provider@4ae9cfc1]" name="userID" duration-ms="4" started-at="2018-04-10T00:05:58Z" data-provider="getData" finished-at="2018-04-10T00:05:58Z">
          <params>
            <param index="0">
              <value>
                <![CDATA[krsna]]>
              </value>
            </param>
            <param index="1">
              <value>
                <![CDATA[balram]]>
              </value>
            </param>
          </params>
          <reporter-output>
          </reporter-output>
        </test-method> <!-- userID -->
      </class> <!-- datadriven.Provider -->
    </test> <!-- Default test -->
  </suite> <!-- Default suite -->
</testng-results>
